#
# There is insufficient memory for the Java Runtime Environment to continue.
# Native memory allocation (malloc) failed to allocate 1048576 bytes for AllocateHeap
# Possible reasons:
#   The system is out of physical RAM or swap space
#   In 32 bit mode, the process size limit was hit
# Possible solutions:
#   Reduce memory load on the system
#   Increase physical memory or swap space
#   Check if swap backing store is full
#   Use 64 bit Java on a 64 bit OS
#   Decrease Java heap size (-Xmx/-Xms)
#   Decrease number of Java threads
#   Decrease Java thread stack sizes (-Xss)
#   Set larger code cache with -XX:ReservedCodeCacheSize=
# This output file may be truncated or incomplete.
#
#  Out of Memory Error (memory/allocation.inline.hpp:61), pid=7100, tid=0x0000000000000948
#
# JRE version:  (8.0_151-b12) (build )
# Java VM: Java HotSpot(TM) 64-Bit Server VM (25.151-b12 mixed mode windows-amd64 compressed oops)
# Failed to write core dump. Minidumps are not enabled by default on client versions of Windows
#

---------------  T H R E A D  ---------------

Current thread (0x0000000002bb4000):  JavaThread "Unknown thread" [_thread_in_vm, id=2376, stack(0x00000000029d0000,0x0000000002ad0000)]

Stack: [0x00000000029d0000,0x0000000002ad0000]
[error occurred during error reporting (printing stack bounds), id 0xc0000005]

Native frames: (J=compiled Java code, j=interpreted, Vv=VM code, C=native code)


---------------  P R O C E S S  ---------------

Java Threads: ( => current thread )

Other Threads:

=>0x0000000002bb4000 (exited) JavaThread "Unknown thread" [_thread_in_vm, id=2376, stack(0x00000000029d0000,0x0000000002ad0000)]

VM state:not at safepoint (normal execution)

VM Mutex/Monitor currently owned by a thread: None

Heap:
 PSYoungGen      total 37888K, used 655K [0x00000000d6300000, 0x00000000d8d00000, 0x0000000100000000)
  eden space 32768K, 2% used [0x00000000d6300000,0x00000000d63a3d80,0x00000000d8300000)
  from space 5120K, 0% used [0x00000000d8800000,0x00000000d8800000,0x00000000d8d00000)
  to   space 5120K, 0% used [0x00000000d8300000,0x00000000d8300000,0x00000000d8800000)
 ParOldGen       total 86016K, used 0K [0x0000000082800000, 0x0000000087c00000, 0x00000000d6300000)
  object space 86016K, 0% used [0x0000000082800000,0x0000000082800000,0x0000000087c00000)
 Metaspace       used 746K, capacity 4480K, committed 4480K, reserved 1056768K
  class space    used 75K, capacity 384K, committed 384K, reserved 1048576K

Card table byte_map: [0x0000000012070000,0x0000000012460000] byte_map_base: 0x0000000011c5c000

Marking Bits: (ParMarkBitMap*) 0x00000000546ed850
 Begin Bits: [0x0000000012b00000, 0x0000000014a60000)
 End Bits:   [0x0000000014a60000, 0x00000000169c0000)

Polling page: 0x0000000002940000

CodeCache: size=245760Kb used=328Kb max_used=328Kb free=245431Kb
 bounds [0x0000000002cb0000, 0x0000000002f20000, 0x0000000011cb0000]
 total_blobs=58 nmethods=0 adapters=38
 compilation: enabled

Compilation events (0 events):
No events

GC Heap History (0 events):
No events

Deoptimization events (0 events):
No events

Internal exceptions (0 events):
No events

Events (10 events):
Event: 0.049 loading class java/lang/Short
Event: 0.049 loading class java/lang/Short done
Event: 0.049 loading class java/lang/Integer
Event: 0.050 loading class java/lang/Integer done
Event: 0.050 loading class java/lang/Long
Event: 0.050 loading class java/lang/Long done
Event: 0.051 loading class java/lang/NullPointerException
Event: 0.051 loading class java/lang/NullPointerException done
Event: 0.051 loading class java/lang/ArithmeticException
Event: 0.051 loading class java/lang/ArithmeticException done


Dynamic libraries:
0x00007ff686f10000 - 0x00007ff686f47000 	C:\Program Files\Java\jre1.8.0_151\bin\javaw.exe
0x00007fffd0130000 - 0x00007fffd030b000 	C:\WINDOWS\SYSTEM32\ntdll.dll
0x00007fffcfb60000 - 0x00007fffcfc0e000 	C:\WINDOWS\System32\KERNEL32.DLL
0x00007fffcc840000 - 0x00007fffcca89000 	C:\WINDOWS\System32\KERNELBASE.dll
0x0000000055d90000 - 0x0000000055e1e000 	C:\WINDOWS\System32\SYSFER.DLL
0x00007fffcd6f0000 - 0x00007fffcd791000 	C:\WINDOWS\System32\ADVAPI32.dll
0x00007fffcd9d0000 - 0x00007fffcda6d000 	C:\WINDOWS\System32\msvcrt.dll
0x00007fffcd690000 - 0x00007fffcd6e9000 	C:\WINDOWS\System32\sechost.dll
0x00007fffcd7b0000 - 0x00007fffcd8d5000 	C:\WINDOWS\System32\RPCRT4.dll
0x00000000555e0000 - 0x0000000055932000 	C:\ProgramData\Symantec\Symantec Endpoint Protection\14.0.2415.0200.105\Data\Definitions\IPSDefs\20180127.040\IPSEng64.dll
0x00007fffcf7c0000 - 0x00007fffcf7c8000 	C:\WINDOWS\System32\PSAPI.DLL
0x00007fffcf670000 - 0x00007fffcf7ba000 	C:\WINDOWS\System32\USER32.dll
0x00007fffcc820000 - 0x00007fffcc83e000 	C:\WINDOWS\System32\win32u.dll
0x00007fffcd9a0000 - 0x00007fffcd9c7000 	C:\WINDOWS\System32\GDI32.dll
0x00007fffccd00000 - 0x00007fffcce87000 	C:\WINDOWS\System32\gdi32full.dll
0x00007fffcca90000 - 0x00007fffccb2a000 	C:\WINDOWS\System32\msvcp_win.dll
0x00007fffccb30000 - 0x00007fffccc26000 	C:\WINDOWS\System32\ucrtbase.dll
0x00007fffb7d40000 - 0x00007fffb7fa7000 	C:\WINDOWS\WinSxS\amd64_microsoft.windows.common-controls_6595b64144ccf1df_6.0.15063.483_none_26002d27e7c744a2\COMCTL32.dll
0x00007fffcf080000 - 0x00007fffcf379000 	C:\WINDOWS\System32\combase.dll
0x00007fffccc90000 - 0x00007fffcccfa000 	C:\WINDOWS\System32\bcryptPrimitives.dll
0x00007fffcfc10000 - 0x00007fffcfc3d000 	C:\WINDOWS\System32\IMM32.DLL
0x0000000053370000 - 0x0000000053442000 	C:\Program Files\Java\jre1.8.0_151\bin\msvcr100.dll
0x0000000053ed0000 - 0x000000005476d000 	C:\Program Files\Java\jre1.8.0_151\bin\server\jvm.dll
0x00007fffb7fb0000 - 0x00007fffb7fb9000 	C:\WINDOWS\SYSTEM32\WSOCK32.dll
0x00007fffcf590000 - 0x00007fffcf5fc000 	C:\WINDOWS\System32\WS2_32.dll
0x00007fffc6fb0000 - 0x00007fffc6fd3000 	C:\WINDOWS\SYSTEM32\WINMM.dll
0x00007fffbbe10000 - 0x00007fffbbe1a000 	C:\WINDOWS\SYSTEM32\VERSION.dll
0x00007fffc6f40000 - 0x00007fffc6f6b000 	C:\WINDOWS\SYSTEM32\WINMMBASE.dll
0x00007fffcce90000 - 0x00007fffcced9000 	C:\WINDOWS\System32\cfgmgr32.dll
0x00000000555d0000 - 0x00000000555df000 	C:\Program Files\Java\jre1.8.0_151\bin\verify.dll
0x0000000054eb0000 - 0x0000000054ed9000 	C:\Program Files\Java\jre1.8.0_151\bin\java.dll
0x00000000555b0000 - 0x00000000555c6000 	C:\Program Files\Java\jre1.8.0_151\bin\zip.dll

VM Arguments:
jvm_args: -Dfile.encoding=UTF-8 
java_command: com.elea.srv.nexus.NexusApplication
java_class_path (initial): C:\Program Files\Java\jre1.8.0_151\lib\resources.jar;C:\Program Files\Java\jre1.8.0_151\lib\rt.jar;C:\Program Files\Java\jre1.8.0_151\lib\jsse.jar;C:\Program Files\Java\jre1.8.0_151\lib\jce.jar;C:\Program Files\Java\jre1.8.0_151\lib\charsets.jar;C:\Program Files\Java\jre1.8.0_151\lib\jfr.jar;C:\Program Files\Java\jre1.8.0_151\lib\ext\access-bridge-64.jar;C:\Program Files\Java\jre1.8.0_151\lib\ext\cldrdata.jar;C:\Program Files\Java\jre1.8.0_151\lib\ext\dnsns.jar;C:\Program Files\Java\jre1.8.0_151\lib\ext\jaccess.jar;C:\Program Files\Java\jre1.8.0_151\lib\ext\jfxrt.jar;C:\Program Files\Java\jre1.8.0_151\lib\ext\localedata.jar;C:\Program Files\Java\jre1.8.0_151\lib\ext\nashorn.jar;C:\Program Files\Java\jre1.8.0_151\lib\ext\sunec.jar;C:\Program Files\Java\jre1.8.0_151\lib\ext\sunjce_provider.jar;C:\Program Files\Java\jre1.8.0_151\lib\ext\sunmscapi.jar;C:\Program Files\Java\jre1.8.0_151\lib\ext\sunpkcs11.jar;C:\Program Files\Java\jre1.8.0_151\lib\ext\zipfs.jar;C:\Users\jsaintje\eclipse-workspace\nexus\target\classes;C:\Users\jsaintje\.m2\repository\org\springframework\boot\spring-boot-starter-data-jpa\1.5.9.RELEASE\spring-boot-starter-data-jpa-1.5.9.RELEASE.jar;C:\Users\jsaintje\.m2\repository\org\springframework\boot\spring-boot-starter\1.5.9.RELEASE\spring-boot-starter-1.5.9.RELEASE.jar;C:\Users\jsaintje\.m2\repository\org\springframework\boot\spring-boot-starter-logging\1.5.9.RELEASE\spring-boot-starter-logging-1.5.9.RELEASE.jar;C:\Users\jsaintje\.m2\repository\ch\qos\logback\logback-classic\1.1.11\logback-classic-1.1.11.jar;C:\Users\jsaintje\.m2\repository\ch\qos\logback\logback-core\1.1.11\logback-core-1.1.11.jar;C:\Users\jsaintje\.m2\repository\org\slf4j\jul-to-slf4j\1.7.25\jul-to-slf4j-1.7.25.jar;C:\Users\jsaintje\.m2\repository\org\slf4j\log4j-over-slf4j\1.7.25\log4j-over-slf4j-1.7.25.jar;C:\Users\jsaintje\.m2\repository\org\yaml\snakeyaml\1.17\snakeyaml-1.17.jar;C:\Users\jsaintje\.m2\repository\org\springframework\boot\spring-boot-st
Launcher Type: SUN_STANDARD

Environment Variables:
PATH=C:/Program Files/Java/jre1.8.0_151/bin/server;C:/Program Files/Java/jre1.8.0_151/bin;C:/Program Files/Java/jre1.8.0_151/lib/amd64;C:\Program Files (x86)\Intel\iCLS Client\;C:\Program Files\Intel\iCLS Client\;C:\ProgramData\Oracle\Java\javapath;C:\WINDOWS\system32;C:\WINDOWS;C:\WINDOWS\System32\Wbem;C:\WINDOWS\System32\WindowsPowerShell\v1.0\;C:\WINDOWS\CCM;C:\Program Files (x86)\Intel\Intel(R) Management Engine Components\DAL;C:\Program Files\Intel\Intel(R) Management Engine Components\DAL;C:\Program Files (x86)\Intel\Intel(R) Management Engine Components\IPT;C:\Program Files\Intel\Intel(R) Management Engine Components\IPT;C:\Program Files\nodejs\;C:\Program Files\Git\cmd;C:\Users\jsaintje\AppData\Local\Microsoft\WindowsApps;C:\Users\jsaintje\AppData\Local\atom\bin;C:\Users\jsaintje\AppData\Roaming\npm;C:\Program Files\Microsoft VS Code\bin;C:\WINDOWS\System32;
USERNAME=jsaintje
OS=Windows_NT
PROCESSOR_IDENTIFIER=Intel64 Family 6 Model 142 Stepping 9, GenuineIntel



---------------  S Y S T E M  ---------------

OS: Windows 10.0 , 64 bit Build 15063 (10.0.15063.296)

CPU:total 4 (initial active 4) (2 cores per cpu, 2 threads per core) family 6 model 142 stepping 9, cmov, cx8, fxsr, mmx, sse, sse2, sse3, ssse3, sse4.1, sse4.2, popcnt, avx, avx2, aes, clmul, erms, rtm, 3dnowpref, lzcnt, ht, tsc, tscinvbit, bmi1, bmi2, adx

Memory: 4k page, physical 8223568k(1238332k free), swap 8223568k(5284k free)

vm_info: Java HotSpot(TM) 64-Bit Server VM (25.151-b12) for windows-amd64 JRE (1.8.0_151-b12), built on Sep  5 2017 19:33:46 by "java_re" with MS VC++ 10.0 (VS2010)

time: Mon Jan 29 13:32:01 2018
elapsed time: 0 seconds (0d 0h 0m 0s)

